c:\users\xabiv\desktop\mamus mansion\02simplegame\debug\vc141.pdb
c:\users\xabiv\desktop\mamus mansion\02simplegame\debug\vc141.idb
c:\users\xabiv\desktop\mamus mansion\02simplegame\debug\lehenengoa.obj
c:\users\xabiv\desktop\mamus mansion\02simplegame\debug\hirugarrena.obj
c:\users\xabiv\desktop\mamus mansion\02simplegame\debug\game02.obj
c:\users\xabiv\desktop\mamus mansion\02simplegame\debug\funtzioak.obj
c:\users\xabiv\desktop\mamus mansion\02simplegame\debug\boss.obj
c:\users\xabiv\desktop\mamus mansion\02simplegame\debug\bigarrena.obj
c:\users\xabiv\desktop\mamus mansion\02simplegame\debug\02simplegamemain.obj
c:\users\xabiv\desktop\mamus mansion\02simplegame\debug\text.obj
c:\users\xabiv\desktop\mamus mansion\02simplegame\debug\soinua.obj
c:\users\xabiv\desktop\mamus mansion\02simplegame\debug\imagen.obj
c:\users\xabiv\desktop\mamus mansion\02simplegame\debug\graphics.obj
c:\users\xabiv\desktop\mamus mansion\02simplegame\debug\ebentoak.obj
c:\users\xabiv\desktop\mamus mansion - copia\02simplegame\debug\vc141.pdb
c:\users\xabiv\desktop\mamus mansion - copia\02simplegame\debug\vc141.idb
c:\users\xabiv\desktop\mamus mansion - copia\02simplegame\debug\lehenengoa.obj
c:\users\xabiv\desktop\mamus mansion - copia\02simplegame\debug\hirugarrena.obj
c:\users\xabiv\desktop\mamus mansion - copia\02simplegame\debug\game02.obj
c:\users\xabiv\desktop\mamus mansion - copia\02simplegame\debug\funtzioak.obj
c:\users\xabiv\desktop\mamus mansion - copia\02simplegame\debug\boss.obj
c:\users\xabiv\desktop\mamus mansion - copia\02simplegame\debug\bigarrena.obj
c:\users\xabiv\desktop\mamus mansion - copia\02simplegame\debug\02simplegamemain.obj
c:\users\xabiv\desktop\mamus mansion - copia\02simplegame\debug\text.obj
c:\users\xabiv\desktop\mamus mansion - copia\02simplegame\debug\soinua.obj
c:\users\xabiv\desktop\mamus mansion - copia\02simplegame\debug\imagen.obj
c:\users\xabiv\desktop\mamus mansion - copia\02simplegame\debug\graphics.obj
c:\users\xabiv\desktop\mamus mansion - copia\02simplegame\debug\ebentoak.obj
c:\users\xabiv\desktop\mamus mansion - copia - copia\02simplegame\debug\vc141.pdb
c:\users\xabiv\desktop\mamus mansion - copia - copia\02simplegame\debug\vc141.idb
c:\users\xabiv\desktop\mamus mansion - copia - copia\02simplegame\debug\lehenengoa.obj
c:\users\xabiv\desktop\mamus mansion - copia - copia\02simplegame\debug\hirugarrena.obj
c:\users\xabiv\desktop\mamus mansion - copia - copia\02simplegame\debug\game02.obj
c:\users\xabiv\desktop\mamus mansion - copia - copia\02simplegame\debug\funtzioak.obj
c:\users\xabiv\desktop\mamus mansion - copia - copia\02simplegame\debug\boss.obj
c:\users\xabiv\desktop\mamus mansion - copia - copia\02simplegame\debug\bigarrena.obj
c:\users\xabiv\desktop\mamus mansion - copia - copia\02simplegame\debug\02simplegamemain.obj
c:\users\xabiv\desktop\mamus mansion - copia - copia\02simplegame\debug\text.obj
c:\users\xabiv\desktop\mamus mansion - copia - copia\02simplegame\debug\soinua.obj
c:\users\xabiv\desktop\mamus mansion - copia - copia\02simplegame\debug\imagen.obj
c:\users\xabiv\desktop\mamus mansion - copia - copia\02simplegame\debug\graphics.obj
c:\users\xabiv\desktop\mamus mansion - copia - copia\02simplegame\debug\ebentoak.obj
c:\users\xabiv\desktop\mamus mansion - copia - copia\02simplegame\debug\menua.obj
c:\users\xabiv\desktop\mamus mansion - copia - copia\02simplegame\debug\main.obj
c:\users\xabiv\desktop\mamus mansion\debug\mamus mansion.exe
c:\users\xabiv\desktop\mamus mansion\debug\mamus mansion.ilk
c:\users\xabiv\desktop\mamus mansion\debug\mamus mansion.pdb
c:\users\xabiv\desktop\mamus mansion - copia\debug\mamus mansion.exe
c:\users\xabiv\desktop\mamus mansion - copia\debug\mamus mansion.ilk
c:\users\xabiv\desktop\mamus mansion - copia\debug\mamus mansion.pdb
c:\users\xabiv\desktop\mamus mansion - copia - copia\debug\mamus mansion.exe
c:\users\xabiv\desktop\mamus mansion - copia - copia\debug\mamus mansion.ilk
c:\users\xabiv\desktop\mamus mansion - copia - copia\debug\mamus mansion.pdb
c:\users\xabiv\desktop\mamus mansion\02simplegame\debug\main.obj
c:\users\xabiv\desktop\mamus mansion\02simplegame\debug\menua.obj
c:\users\xabiv\desktop\mamus mansion\02simplegame\debug\mamus mansion.tlog\cl.command.1.tlog
c:\users\xabiv\desktop\mamus mansion\02simplegame\debug\mamus mansion.tlog\cl.read.1.tlog
c:\users\xabiv\desktop\mamus mansion\02simplegame\debug\mamus mansion.tlog\cl.write.1.tlog
c:\users\xabiv\desktop\mamus mansion\02simplegame\debug\mamus mansion.tlog\link.command.1.tlog
c:\users\xabiv\desktop\mamus mansion\02simplegame\debug\mamus mansion.tlog\link.read.1.tlog
c:\users\xabiv\desktop\mamus mansion\02simplegame\debug\mamus mansion.tlog\link.write.1.tlog
